<?xml version="1.0" encoding="UTF-8"?>
<!-- Generated by org.testng.reporters.JUnitXMLReporter -->
<testsuite hostname="MRG-LTP-34" ignored="0" name="Default test" tests="2" failures="0" timestamp="2020-08-26T16:10:13 IST" time="137.392" errors="0">
  <testcase name="ExcelCheckStatusAfterSaveForm" time="55.952" classname="testleaf.ExcelDataReadandWrite"/>
  <testcase name="ExcelCheckStatusAfterSaveForm" time="56.189" classname="testleaf.ExcelDataReadandWrite"/>
</testsuite> <!-- Default test -->
