<?xml version="1.0" encoding="UTF-8"?>
<!-- Generated by org.testng.reporters.JUnitXMLReporter -->
<testsuite hostname="MRG-LTP-34" ignored="2" name="Test" tests="2" failures="0" timestamp="2020-08-28T11:44:29 IST" time="31.372" errors="0">
  <testcase name="checkstatusbeforesaveform" time="5.699" classname="testleaf.CheckStatusBeforeSaveForm"/>
  <testcase name="clicksavebuttonwithoutenteringdata" time="0.371" classname="testleaf.CheckMandatoryValidation"/>
  <testcase name="@BeforeTest priconditions" time="0.0" classname="utils.BaseClass">
    <ignored/>
  </testcase> <!-- @BeforeTest priconditions -->
  <testcase name="@AfterTest postconditions" time="0.0" classname="utils.BaseClass">
    <ignored/>
  </testcase> <!-- @AfterTest postconditions -->
</testsuite> <!-- Test -->
