<?xml version="1.0" encoding="UTF-8"?>
<testng-results skipped="0" failed="0" ignored="2" total="4" passed="2">
  <reporter-output>
  </reporter-output>
  <suite name="Suite" duration-ms="31372" started-at="2020-08-28T11:43:57 IST" finished-at="2020-08-28T11:44:28 IST">
    <groups>
    </groups>
    <test name="Test" duration-ms="31372" started-at="2020-08-28T11:43:57 IST" finished-at="2020-08-28T11:44:28 IST">
      <class name="testleaf.CheckStatusBeforeSaveForm">
        <test-method status="PASS" signature="priconditions()[pri:0, instance:testleaf.CheckStatusBeforeSaveForm@131276c2]" name="priconditions" is-config="true" duration-ms="20149" started-at="2020-08-28T11:43:57 IST" finished-at="2020-08-28T11:44:17 IST">
          <reporter-output>
          </reporter-output>
        </test-method> <!-- priconditions -->
        <test-method status="PASS" signature="checkstatusbeforesaveform()[pri:0, instance:testleaf.CheckStatusBeforeSaveForm@131276c2]" name="checkstatusbeforesaveform" duration-ms="5699" started-at="2020-08-28T11:44:17 IST" finished-at="2020-08-28T11:44:23 IST">
          <reporter-output>
          </reporter-output>
        </test-method> <!-- checkstatusbeforesaveform -->
        <test-method status="PASS" signature="postconditions()[pri:0, instance:testleaf.CheckStatusBeforeSaveForm@131276c2]" name="postconditions" is-config="true" duration-ms="5075" started-at="2020-08-28T11:44:23 IST" finished-at="2020-08-28T11:44:28 IST">
          <reporter-output>
          </reporter-output>
        </test-method> <!-- postconditions -->
      </class> <!-- testleaf.CheckStatusBeforeSaveForm -->
      <class name="testleaf.CheckMandatoryValidation">
        <test-method status="PASS" signature="clicksavebuttonwithoutenteringdata()[pri:0, instance:testleaf.CheckMandatoryValidation@26aa12dd]" name="clicksavebuttonwithoutenteringdata" duration-ms="371" started-at="2020-08-28T11:44:23 IST" finished-at="2020-08-28T11:44:23 IST">
          <reporter-output>
          </reporter-output>
        </test-method> <!-- clicksavebuttonwithoutenteringdata -->
      </class> <!-- testleaf.CheckMandatoryValidation -->
    </test> <!-- Test -->
  </suite> <!-- Suite -->
</testng-results>
